
=== Thu Jun 17 12:42:14 2021

Packages were changed.
Update Mode: updateDependencies

The following packages were added:
  com.unity.ide.visualstudio@2.0.8
The following packages were updated:
  com.unity.2d.animation from version 3.2.3 to 5.0.4
  com.unity.2d.pixel-perfect from version 2.0.4 to 4.0.1
  com.unity.2d.psdimporter from version 2.1.4 to 4.0.2
  com.unity.2d.spriteshape from version 3.0.12 to 5.1.1
  com.unity.collab-proxy from version 1.2.16 to 1.5.7
  com.unity.ide.rider from version 1.1.4 to 2.0.7
  com.unity.ide.vscode from version 1.2.1 to 1.2.3
  com.unity.inputsystem from version 1.0.0 to 1.0.2
  com.unity.render-pipelines.lightweight from version 7.3.1 to 10.5.0
  com.unity.render-pipelines.universal from version 7.3.1 to 10.5.0
  com.unity.test-framework from version 1.1.16 to 1.1.24
  com.unity.textmeshpro from version 2.1.1 to 3.0.6
  com.unity.timeline from version 1.2.16 to 1.4.8
The following packages were removed:
  com.unity.2d.ik@2.0.2-preview.1
